{"D:\\me-learning-react\\src\\components\\Header.js": {"path":"D:\\me-learning-react\\src\\components\\Header.js","statementMap":{"0":{"start":{"line":11,"column":15},"end":{"line":61,"column":1}},"1":{"start":{"line":13,"column":22},"end":{"line":13,"column":45}},"2":{"start":{"line":15,"column":48},"end":{"line":15,"column":65}},"3":{"start":{"line":18,"column":22},"end":{"line":18,"column":62}},"4":{"start":{"line":18,"column":45},"end":{"line":18,"column":61}},"5":{"start":{"line":20,"column":4},"end":{"line":60,"column":6}},"6":{"start":{"line":50,"column":32},"end":{"line":50,"column":119}}},"fnMap":{"0":{"name":"(anonymous_0)","decl":{"start":{"line":11,"column":15},"end":{"line":11,"column":16}},"loc":{"start":{"line":11,"column":21},"end":{"line":61,"column":1}},"line":11},"1":{"name":"(anonymous_1)","decl":{"start":{"line":18,"column":34},"end":{"line":18,"column":35}},"loc":{"start":{"line":18,"column":45},"end":{"line":18,"column":61}},"line":18},"2":{"name":"(anonymous_2)","decl":{"start":{"line":49,"column":37},"end":{"line":49,"column":38}},"loc":{"start":{"line":49,"column":43},"end":{"line":51,"column":29}},"line":49}},"branchMap":{"0":{"loc":{"start":{"line":32,"column":40},"end":{"line":32,"column":69}},"type":"cond-expr","locations":[{"start":{"line":32,"column":58},"end":{"line":32,"column":62}},{"start":{"line":32,"column":65},"end":{"line":32,"column":69}}],"line":32},"1":{"loc":{"start":{"line":50,"column":32},"end":{"line":50,"column":119}},"type":"cond-expr","locations":[{"start":{"line":50,"column":63},"end":{"line":50,"column":90}},{"start":{"line":50,"column":93},"end":{"line":50,"column":119}}],"line":50},"2":{"loc":{"start":{"line":56,"column":72},"end":{"line":56,"column":114}},"type":"cond-expr","locations":[{"start":{"line":56,"column":103},"end":{"line":56,"column":107}},{"start":{"line":56,"column":110},"end":{"line":56,"column":114}}],"line":56}},"s":{"0":1,"1":5,"2":5,"3":5,"4":9,"5":5,"6":1},"f":{"0":5,"1":9,"2":1},"b":{"0":[5,0],"1":[1,0],"2":[0,5]},"_coverageSchema":"1a1c01bbd47fc00a2c39e90264f33305004495a9","hash":"4915e5b20049b62c55298b4ed137c0f40a395f16"}
,"D:\\me-learning-react\\src\\components\\sum.js": {"path":"D:\\me-learning-react\\src\\components\\sum.js","statementMap":{"0":{"start":{"line":2,"column":19},"end":{"line":4,"column":1}},"1":{"start":{"line":3,"column":4},"end":{"line":3,"column":17}}},"fnMap":{"0":{"name":"(anonymous_0)","decl":{"start":{"line":2,"column":19},"end":{"line":2,"column":20}},"loc":{"start":{"line":2,"column":29},"end":{"line":4,"column":1}},"line":2}},"branchMap":{},"s":{"0":1,"1":1},"f":{"0":1},"b":{},"_coverageSchema":"1a1c01bbd47fc00a2c39e90264f33305004495a9","hash":"94a1e72e20a5a0fe630f5d850a33d7402cc7a44a"}
,"D:\\me-learning-react\\src\\utils\\appStore.js": {"path":"D:\\me-learning-react\\src\\utils\\appStore.js","statementMap":{"0":{"start":{"line":5,"column":17},"end":{"line":9,"column":2}}},"fnMap":{},"branchMap":{},"s":{"0":1},"f":{},"b":{},"_coverageSchema":"1a1c01bbd47fc00a2c39e90264f33305004495a9","hash":"a444d1b79b892cc4a19aec131131345df8823516"}
,"D:\\me-learning-react\\src\\utils\\cartSlice.js": {"path":"D:\\me-learning-react\\src\\utils\\cartSlice.js","statementMap":{"0":{"start":{"line":4,"column":18},"end":{"line":22,"column":2}},"1":{"start":{"line":11,"column":12},"end":{"line":11,"column":45}},"2":{"start":{"line":14,"column":12},"end":{"line":14,"column":78}},"3":{"start":{"line":16,"column":12},"end":{"line":16,"column":48}},"4":{"start":{"line":19,"column":12},"end":{"line":19,"column":35}},"5":{"start":{"line":24,"column":59},"end":{"line":24,"column":76}}},"fnMap":{"0":{"name":"(anonymous_0)","decl":{"start":{"line":10,"column":19},"end":{"line":10,"column":20}},"loc":{"start":{"line":10,"column":38},"end":{"line":12,"column":9}},"line":10},"1":{"name":"(anonymous_1)","decl":{"start":{"line":13,"column":24},"end":{"line":13,"column":25}},"loc":{"start":{"line":13,"column":43},"end":{"line":17,"column":9}},"line":13},"2":{"name":"(anonymous_2)","decl":{"start":{"line":18,"column":22},"end":{"line":18,"column":23}},"loc":{"start":{"line":18,"column":41},"end":{"line":20,"column":9}},"line":18}},"branchMap":{},"s":{"0":1,"1":0,"2":0,"3":0,"4":0,"5":1},"f":{"0":0,"1":0,"2":0},"b":{},"_coverageSchema":"1a1c01bbd47fc00a2c39e90264f33305004495a9","hash":"7c013a6babb9046d34fad6f17298c22834a0403e"}
,"D:\\me-learning-react\\src\\utils\\useOnlineStatus.js": {"path":"D:\\me-learning-react\\src\\utils\\useOnlineStatus.js","statementMap":{"0":{"start":{"line":4,"column":24},"end":{"line":21,"column":1}},"1":{"start":{"line":6,"column":44},"end":{"line":6,"column":58}},"2":{"start":{"line":8,"column":4},"end":{"line":18,"column":10}},"3":{"start":{"line":10,"column":8},"end":{"line":12,"column":11}},"4":{"start":{"line":11,"column":12},"end":{"line":11,"column":34}},"5":{"start":{"line":14,"column":8},"end":{"line":16,"column":11}},"6":{"start":{"line":15,"column":12},"end":{"line":15,"column":35}},"7":{"start":{"line":20,"column":4},"end":{"line":20,"column":24}}},"fnMap":{"0":{"name":"(anonymous_0)","decl":{"start":{"line":4,"column":24},"end":{"line":4,"column":25}},"loc":{"start":{"line":4,"column":30},"end":{"line":21,"column":1}},"line":4},"1":{"name":"(anonymous_1)","decl":{"start":{"line":8,"column":14},"end":{"line":8,"column":15}},"loc":{"start":{"line":8,"column":18},"end":{"line":18,"column":5}},"line":8},"2":{"name":"(anonymous_2)","decl":{"start":{"line":10,"column":42},"end":{"line":10,"column":43}},"loc":{"start":{"line":10,"column":48},"end":{"line":12,"column":9}},"line":10},"3":{"name":"(anonymous_3)","decl":{"start":{"line":14,"column":43},"end":{"line":14,"column":44}},"loc":{"start":{"line":14,"column":47},"end":{"line":16,"column":9}},"line":14}},"branchMap":{},"s":{"0":1,"1":0,"2":0,"3":0,"4":0,"5":0,"6":0,"7":0},"f":{"0":0,"1":0,"2":0,"3":0},"b":{},"_coverageSchema":"1a1c01bbd47fc00a2c39e90264f33305004495a9","hash":"fc657bfb9e4a5f4481edf3b594b8c56486722bb4"}
,"D:\\me-learning-react\\src\\utils\\contexts\\UserContext.js": {"path":"D:\\me-learning-react\\src\\utils\\contexts\\UserContext.js","statementMap":{"0":{"start":{"line":4,"column":20},"end":{"line":8,"column":2}}},"fnMap":{},"branchMap":{},"s":{"0":1},"f":{},"b":{},"_coverageSchema":"1a1c01bbd47fc00a2c39e90264f33305004495a9","hash":"c8437dbf6f3f36ce5acd1be8e4fcce395aa92e1e"}
}
