TN:
SF:src\components\Header.js
FN:11,(anonymous_0)
FN:18,(anonymous_1)
FN:49,(anonymous_2)
FNF:3
FNH:3
FNDA:5,(anonymous_0)
FNDA:9,(anonymous_1)
FNDA:1,(anonymous_2)
DA:11,1
DA:13,5
DA:15,5
DA:18,9
DA:20,5
DA:50,1
LF:6
LH:6
BRDA:32,0,0,5
BRDA:32,0,1,0
BRDA:50,1,0,1
BRDA:50,1,1,0
BRDA:56,2,0,0
BRDA:56,2,1,5
BRF:6
BRH:3
end_of_record
TN:
SF:src\components\sum.js
FN:2,(anonymous_0)
FNF:1
FNH:1
FNDA:1,(anonymous_0)
DA:2,1
DA:3,1
LF:2
LH:2
BRF:0
BRH:0
end_of_record
TN:
SF:src\utils\appStore.js
FNF:0
FNH:0
DA:5,1
LF:1
LH:1
BRF:0
BRH:0
end_of_record
TN:
SF:src\utils\cartSlice.js
FN:10,(anonymous_0)
FN:13,(anonymous_1)
FN:18,(anonymous_2)
FNF:3
FNH:0
FNDA:0,(anonymous_0)
FNDA:0,(anonymous_1)
FNDA:0,(anonymous_2)
DA:4,1
DA:11,0
DA:14,0
DA:16,0
DA:19,0
DA:24,1
LF:6
LH:2
BRF:0
BRH:0
end_of_record
TN:
SF:src\utils\useOnlineStatus.js
FN:4,(anonymous_0)
FN:8,(anonymous_1)
FN:10,(anonymous_2)
FN:14,(anonymous_3)
FNF:4
FNH:0
FNDA:0,(anonymous_0)
FNDA:0,(anonymous_1)
FNDA:0,(anonymous_2)
FNDA:0,(anonymous_3)
DA:4,1
DA:6,0
DA:8,0
DA:10,0
DA:11,0
DA:14,0
DA:15,0
DA:20,0
LF:8
LH:1
BRF:0
BRH:0
end_of_record
TN:
SF:src\utils\contexts\UserContext.js
FNF:0
FNH:0
DA:4,1
LF:1
LH:1
BRF:0
BRH:0
end_of_record
